<?xml version="1.0" encoding="UTF-8"?>
<testsuite xmlns:xsi="http://www.w3.org/2001/XMLSchema-instance" xsi:noNamespaceSchemaLocation="https://maven.apache.org/surefire/maven-surefire-plugin/xsd/surefire-test-report-3.0.xsd" version="3.0" name="Service.AlunoServiceTest" time="0.832" tests="4" errors="0" skipped="0" failures="0">
  <properties>
[...]
</properties>
  <testcase name="naoDeveCadastrarAlunoComNomeVazio" classname="Service.AlunoServiceTest" time="0.489">
    <system-out><![CDATA[Não pode ser vazio 
]]></system-out>
    <system-err><![CDATA[Could not open [logs/app.log]. Defaulting to System.err
Reported exception:
java.io.FileNotFoundException: logs\app.log (O sistema não pode encontrar o caminho especificado)
	at java.base/java.io.FileOutputStream.open0(Native Method)
	at java.base/java.io.FileOutputStream.open(FileOutputStream.java:289)
	at java.base/java.io.FileOutputStream.<init>(FileOutputStream.java:230)
	at java.base/java.io.FileOutputStream.<init>(FileOutputStream.java:118)
	at org.slf4j.simple.SimpleLoggerConfiguration.computeOutputChoice(SimpleLoggerConfiguration.java:182)
	at org.slf4j.simple.SimpleLoggerConfiguration.init(SimpleLoggerConfiguration.java:95)
	at org.slf4j.simple.SimpleLogger.init(SimpleLogger.java:185)
	at org.slf4j.simple.SimpleLogger.lazyInit(SimpleLogger.java:179)
	at org.slf4j.simple.SimpleLoggerFactory.<init>(SimpleLoggerFactory.java:45)
	at org.slf4j.simple.SimpleServiceProvider.initialize(SimpleServiceProvider.java:45)
	at org.slf4j.LoggerFactory.bind(LoggerFactory.java:195)
	at org.slf4j.LoggerFactory.performInitialization(LoggerFactory.java:182)
	at org.slf4j.LoggerFactory.getProvider(LoggerFactory.java:490)
	at org.slf4j.LoggerFactory.getILoggerFactory(LoggerFactory.java:476)
	at org.slf4j.LoggerFactory.getLogger(LoggerFactory.java:425)
	at org.slf4j.LoggerFactory.getLogger(LoggerFactory.java:451)
	at Service.AlunoService.<clinit>(AlunoService.java:11)
	at Service.AlunoServiceTest.setUp(AlunoServiceTest.java:15)
	at java.base/jdk.internal.reflect.DirectMethodHandleAccessor.invoke(DirectMethodHandleAccessor.java:103)
	at java.base/java.lang.reflect.Method.invoke(Method.java:580)
	at org.junit.platform.commons.util.ReflectionUtils.invokeMethod(ReflectionUtils.java:728)
	at org.junit.jupiter.engine.execution.MethodInvocation.proceed(MethodInvocation.java:60)
	at org.junit.jupiter.engine.execution.InvocationInterceptorChain$ValidatingInvocation.proceed(InvocationInterceptorChain.java:131)
	at org.junit.jupiter.engine.extension.TimeoutExtension.intercept(TimeoutExtension.java:156)
	at org.junit.jupiter.engine.extension.TimeoutExtension.interceptLifecycleMethod(TimeoutExtension.java:128)
	at org.junit.jupiter.engine.extension.TimeoutExtension.interceptBeforeEachMethod(TimeoutExtension.java:78)
	at org.junit.jupiter.engine.execution.InterceptingExecutableInvoker$ReflectiveInterceptorCall.lambda$ofVoidMethod$0(InterceptingExecutableInvoker.java:103)
	at org.junit.jupiter.engine.execution.InterceptingExecutableInvoker.lambda$invoke$0(InterceptingExecutableInvoker.java:93)
	at org.junit.jupiter.engine.execution.InvocationInterceptorChain$InterceptedInvocation.proceed(InvocationInterceptorChain.java:106)
	at org.junit.jupiter.engine.execution.InvocationInterceptorChain.proceed(InvocationInterceptorChain.java:64)
	at org.junit.jupiter.engine.execution.InvocationInterceptorChain.chainAndInvoke(InvocationInterceptorChain.java:45)
	at org.junit.jupiter.engine.execution.InvocationInterceptorChain.invoke(InvocationInterceptorChain.java:37)
	at org.junit.jupiter.engine.execution.InterceptingExecutableInvoker.invoke(InterceptingExecutableInvoker.java:92)
	at org.junit.jupiter.engine.execution.InterceptingExecutableInvoker.invoke(InterceptingExecutableInvoker.java:86)
	at org.junit.jupiter.engine.descriptor.ClassBasedTestDescriptor.invokeMethodInExtensionContext(ClassBasedTestDescriptor.java:521)
	at org.junit.jupiter.engine.descriptor.ClassBasedTestDescriptor.lambda$synthesizeBeforeEachMethodAdapter$23(ClassBasedTestDescriptor.java:506)
	at org.junit.jupiter.engine.descriptor.TestMethodTestDescriptor.lambda$invokeBeforeEachMethods$3(TestMethodTestDescriptor.java:175)
	at org.junit.jupiter.engine.descriptor.TestMethodTestDescriptor.lambda$invokeBeforeMethodsOrCallbacksUntilExceptionOccurs$6(TestMethodTestDescriptor.java:203)
	at org.junit.platform.engine.support.hierarchical.ThrowableCollector.execute(ThrowableCollector.java:73)
	at org.junit.jupiter.engine.descriptor.TestMethodTestDescriptor.invokeBeforeMethodsOrCallbacksUntilExceptionOccurs(TestMethodTestDescriptor.java:203)
	at org.junit.jupiter.engine.descriptor.TestMethodTestDescriptor.invokeBeforeEachMethods(TestMethodTestDescriptor.java:172)
	at org.junit.jupiter.engine.descriptor.TestMethodTestDescriptor.execute(TestMethodTestDescriptor.java:135)
	at org.junit.jupiter.engine.descriptor.TestMethodTestDescriptor.execute(TestMethodTestDescriptor.java:69)
	at org.junit.platform.engine.support.hierarchical.NodeTestTask.lambda$executeRecursively$6(NodeTestTask.java:151)
	at org.junit.platform.engine.support.hierarchical.ThrowableCollector.execute(ThrowableCollector.java:73)
	at org.junit.platform.engine.support.hierarchical.NodeTestTask.lambda$executeRecursively$8(NodeTestTask.java:141)
	at org.junit.platform.engine.support.hierarchical.Node.around(Node.java:137)
	at org.junit.platform.engine.support.hierarchical.NodeTestTask.lambda$executeRecursively$9(NodeTestTask.java:139)
	at org.junit.platform.engine.support.hierarchical.ThrowableCollector.execute(ThrowableCollector.java:73)
	at org.junit.platform.engine.support.hierarchical.NodeTestTask.executeRecursively(NodeTestTask.java:138)
	at org.junit.platform.engine.support.hierarchical.NodeTestTask.execute(NodeTestTask.java:95)
	at java.base/java.util.ArrayList.forEach(ArrayList.java:1596)
	at org.junit.platform.engine.support.hierarchical.SameThreadHierarchicalTestExecutorService.invokeAll(SameThreadHierarchicalTestExecutorService.java:41)
	at org.junit.platform.engine.support.hierarchical.NodeTestTask.lambda$executeRecursively$6(NodeTestTask.java:155)
	at org.junit.platform.engine.support.hierarchical.ThrowableCollector.execute(ThrowableCollector.java:73)
	at org.junit.platform.engine.support.hierarchical.NodeTestTask.lambda$executeRecursively$8(NodeTestTask.java:141)
	at org.junit.platform.engine.support.hierarchical.Node.around(Node.java:137)
	at org.junit.platform.engine.support.hierarchical.NodeTestTask.lambda$executeRecursively$9(NodeTestTask.java:139)
	at org.junit.platform.engine.support.hierarchical.ThrowableCollector.execute(ThrowableCollector.java:73)
	at org.junit.platform.engine.support.hierarchical.NodeTestTask.executeRecursively(NodeTestTask.java:138)
	at org.junit.platform.engine.support.hierarchical.NodeTestTask.execute(NodeTestTask.java:95)
	at java.base/java.util.ArrayList.forEach(ArrayList.java:1596)
	at org.junit.platform.engine.support.hierarchical.SameThreadHierarchicalTestExecutorService.invokeAll(SameThreadHierarchicalTestExecutorService.java:41)
	at org.junit.platform.engine.support.hierarchical.NodeTestTask.lambda$executeRecursively$6(NodeTestTask.java:155)
	at org.junit.platform.engine.support.hierarchical.ThrowableCollector.execute(ThrowableCollector.java:73)
	at org.junit.platform.engine.support.hierarchical.NodeTestTask.lambda$executeRecursively$8(NodeTestTask.java:141)
	at org.junit.platform.engine.support.hierarchical.Node.around(Node.java:137)
	at org.junit.platform.engine.support.hierarchical.NodeTestTask.lambda$executeRecursively$9(NodeTestTask.java:139)
	at org.junit.platform.engine.support.hierarchical.ThrowableCollector.execute(ThrowableCollector.java:73)
	at org.junit.platform.engine.support.hierarchical.NodeTestTask.executeRecursively(NodeTestTask.java:138)
	at org.junit.platform.engine.support.hierarchical.NodeTestTask.execute(NodeTestTask.java:95)
	at org.junit.platform.engine.support.hierarchical.SameThreadHierarchicalTestExecutorService.submit(SameThreadHierarchicalTestExecutorService.java:35)
	at org.junit.platform.engine.support.hierarchical.HierarchicalTestExecutor.execute(HierarchicalTestExecutor.java:57)
	at org.junit.platform.engine.support.hierarchical.HierarchicalTestEngine.execute(HierarchicalTestEngine.java:54)
	at org.junit.platform.launcher.core.EngineExecutionOrchestrator.execute(EngineExecutionOrchestrator.java:198)
	at org.junit.platform.launcher.core.EngineExecutionOrchestrator.execute(EngineExecutionOrchestrator.java:169)
	at org.junit.platform.launcher.core.EngineExecutionOrchestrator.execute(EngineExecutionOrchestrator.java:93)
	at org.junit.platform.launcher.core.EngineExecutionOrchestrator.lambda$execute$0(EngineExecutionOrchestrator.java:58)
	at org.junit.platform.launcher.core.EngineExecutionOrchestrator.withInterceptedStreams(EngineExecutionOrchestrator.java:141)
	at org.junit.platform.launcher.core.EngineExecutionOrchestrator.execute(EngineExecutionOrchestrator.java:57)
	at org.junit.platform.launcher.core.DefaultLauncher.execute(DefaultLauncher.java:103)
	at org.junit.platform.launcher.core.DefaultLauncher.execute(DefaultLauncher.java:85)
	at org.junit.platform.launcher.core.DelegatingLauncher.execute(DelegatingLauncher.java:47)
	at org.apache.maven.surefire.junitplatform.LazyLauncher.execute(LazyLauncher.java:56)
	at org.apache.maven.surefire.junitplatform.JUnitPlatformProvider.execute(JUnitPlatformProvider.java:184)
	at org.apache.maven.surefire.junitplatform.JUnitPlatformProvider.invokeAllTests(JUnitPlatformProvider.java:148)
	at org.apache.maven.surefire.junitplatform.JUnitPlatformProvider.invoke(JUnitPlatformProvider.java:122)
	at org.apache.maven.surefire.booter.ForkedBooter.runSuitesInProcess(ForkedBooter.java:385)
	at org.apache.maven.surefire.booter.ForkedBooter.execute(ForkedBooter.java:162)
	at org.apache.maven.surefire.booter.ForkedBooter.run(ForkedBooter.java:507)
	at org.apache.maven.surefire.booter.ForkedBooter.main(ForkedBooter.java:495)
2026-03-27 21:08:19 [main] INFO Repository.AlunoRepository - 🚀 Inicializando AlunoRepository
2026-03-27 21:08:19 [main] INFO Repository.AlunoRepository - ✅ Tabela 'aluno' verificada/criada com sucesso
2026-03-27 21:08:19 [main] WARN Service.AlunoService - 🗑️ Iniciando deleção de todos os alunos
2026-03-27 21:08:19 [main] WARN Repository.AlunoRepository - ⚠️ Executando deleção em massa de alunos
2026-03-27 21:08:19 [main] INFO Repository.AlunoRepository - 🗑️ 1 alunos foram deletados
2026-03-27 21:08:19 [main] INFO Service.AlunoService - ✅ Todos os alunos foram deletados
2026-03-27 21:08:19 [main] INFO Service.AlunoService - 📝 Tentativa de cadastro - Nome: , CPF: 98765432100
2026-03-27 21:08:19 [main] WARN Service.AlunoService - ❌ Falha no cadastro - Nome vazio
]]></system-err>
  </testcase>
  <testcase name="naoDeveCadastrarAlunoComCpfInvalido" classname="Service.AlunoServiceTest" time="0.075">
    <system-out><![CDATA[CPF deve ter 11 números
]]></system-out>
    <system-err><![CDATA[2026-03-27 21:08:19 [main] INFO Repository.AlunoRepository - 🚀 Inicializando AlunoRepository
2026-03-27 21:08:19 [main] INFO Repository.AlunoRepository - ✅ Tabela 'aluno' verificada/criada com sucesso
2026-03-27 21:08:19 [main] WARN Service.AlunoService - 🗑️ Iniciando deleção de todos os alunos
2026-03-27 21:08:19 [main] WARN Repository.AlunoRepository - ⚠️ Executando deleção em massa de alunos
2026-03-27 21:08:19 [main] INFO Repository.AlunoRepository - 🗑️ 0 alunos foram deletados
2026-03-27 21:08:19 [main] INFO Service.AlunoService - ✅ Todos os alunos foram deletados
2026-03-27 21:08:19 [main] INFO Service.AlunoService - 📝 Tentativa de cadastro - Nome: Lucas Accioly, CPF: 12345
2026-03-27 21:08:19 [main] WARN Service.AlunoService - ❌ Falha no cadastro - CPF inválido: 12345
]]></system-err>
  </testcase>
  <testcase name="deveListarAlunoCadastrado" classname="Service.AlunoServiceTest" time="0.15">
    <system-err><![CDATA[2026-03-27 21:08:19 [main] INFO Repository.AlunoRepository - 🚀 Inicializando AlunoRepository
2026-03-27 21:08:19 [main] INFO Repository.AlunoRepository - ✅ Tabela 'aluno' verificada/criada com sucesso
2026-03-27 21:08:19 [main] WARN Service.AlunoService - 🗑️ Iniciando deleção de todos os alunos
2026-03-27 21:08:19 [main] WARN Repository.AlunoRepository - ⚠️ Executando deleção em massa de alunos
2026-03-27 21:08:19 [main] INFO Repository.AlunoRepository - 🗑️ 0 alunos foram deletados
2026-03-27 21:08:19 [main] INFO Service.AlunoService - ✅ Todos os alunos foram deletados
2026-03-27 21:08:19 [main] INFO Service.AlunoService - 📝 Tentativa de cadastro - Nome: Lucas Accioly, CPF: 11122233344
2026-03-27 21:08:19 [main] INFO Repository.AlunoRepository - ✅ Aluno persistido - Nome: Lucas Accioly, CPF: 11122233344, Linhas afetadas: 1
2026-03-27 21:08:19 [main] INFO Service.AlunoService - ✅ Aluno cadastrado com sucesso - Nome: Lucas Accioly, CPF: 11122233344
2026-03-27 21:08:19 [main] INFO Repository.AlunoRepository - 📊 Consulta retornou 1 alunos
2026-03-27 21:08:19 [main] INFO Service.AlunoService - 📊 Total de alunos listados: 1
]]></system-err>
  </testcase>
  <testcase name="deveCadastrarAlunoComDadosValidos" classname="Service.AlunoServiceTest" time="0.093">
    <system-err><![CDATA[2026-03-27 21:08:19 [main] INFO Repository.AlunoRepository - 🚀 Inicializando AlunoRepository
2026-03-27 21:08:19 [main] INFO Repository.AlunoRepository - ✅ Tabela 'aluno' verificada/criada com sucesso
2026-03-27 21:08:19 [main] WARN Service.AlunoService - 🗑️ Iniciando deleção de todos os alunos
2026-03-27 21:08:19 [main] WARN Repository.AlunoRepository - ⚠️ Executando deleção em massa de alunos
2026-03-27 21:08:19 [main] INFO Repository.AlunoRepository - 🗑️ 1 alunos foram deletados
2026-03-27 21:08:19 [main] INFO Service.AlunoService - ✅ Todos os alunos foram deletados
2026-03-27 21:08:19 [main] INFO Service.AlunoService - 📝 Tentativa de cadastro - Nome: Lucas Accioly, CPF: 98765432100
2026-03-27 21:08:19 [main] INFO Repository.AlunoRepository - ✅ Aluno persistido - Nome: Lucas Accioly, CPF: 98765432100, Linhas afetadas: 1
2026-03-27 21:08:19 [main] INFO Service.AlunoService - ✅ Aluno cadastrado com sucesso - Nome: Lucas Accioly, CPF: 98765432100
]]></system-err>
  </testcase>
</testsuite>