<?xml version="1.0" encoding="UTF-8"?>
<testsuite xmlns:xsi="http://www.w3.org/2001/XMLSchema-instance" xsi:noNamespaceSchemaLocation="https://maven.apache.org/surefire/maven-surefire-plugin/xsd/surefire-test-report-3.0.xsd" version="3.0" name="AlunoServiceTest" time="3.759" tests="4" errors="0" skipped="0" failures="0">
  <properties>
[...]
</properties>
  <testcase name="naoDeveCadastrarAlunoComNomeVazio" classname="AlunoServiceTest" time="0.942">
    <system-out><![CDATA[Não pode ser vazio 
]]></system-out>
  </testcase>
  <testcase name="naoDeveCadastrarAlunoComCpfInvalido" classname="AlunoServiceTest" time="0.597">
    <system-out><![CDATA[CPF deve ter 11 números
]]></system-out>
  </testcase>
  <testcase name="deveListarAlunoCadastrado" classname="AlunoServiceTest" time="1.26">
    <system-out><![CDATA[SALVANDO NO BANCO
]]></system-out>
  </testcase>
  <testcase name="deveCadastrarAlunoComDadosValidos" classname="AlunoServiceTest" time="0.911">
    <system-out><![CDATA[SALVANDO NO BANCO
]]></system-out>
  </testcase>
</testsuite>